Arguments: 
  C:\Program Files\nodejs\node.exe C:\Users\hsh\AppData\Roaming\npm\node_modules\yarn\bin\yarn.js add @/component/formWrapper --silent --no-progress

PATH: 
  C:\Program Files\nodejs\node_modules\npm\node_modules\npm-lifecycle\node-gyp-bin;F:\projects\facemini\node_modules\.bin;C:\Program Files\nodejs\node_modules\npm\node_modules\npm-lifecycle\node-gyp-bin;F:\projects\facemini\node_modules\.bin;C:\Program Files (x86)\Common Files\Oracle\Java\javapath;C:\WINDOWS\system32;C:\WINDOWS;C:\WINDOWS\System32\Wbem;C:\WINDOWS\System32\WindowsPowerShell\v1.0\;C:\WINDOWS\System32\OpenSSH\;C:\Program Files (x86)\NVIDIA Corporation\PhysX\Common;C:\Program Files\nodejs\;C:\Program Files\Java\jdk1.8.0_191\bin;.;C:\Program Files\Java\jdk1.8.0_191\lib;C:\Program Files\Java\jdk1.8.0_191\lib\tool.jar;C:\Program Files\Git\cmd;C:\Users\hsh\AppData\Local\Microsoft\WindowsApps;C:\Users\hsh\AppData\Roaming\npm;C:\Users\hsh\AppData\Local\Programs\Microsoft VS Code\bin

Yarn version: 
  1.12.1

Node version: 
  8.12.0

Platform: 
  win32 x64

Trace: 
  Error: https://r.cnpmjs.org/@%2fcomponent/formWrapper: [not_found] document not found
      at Request.params.callback [as _callback] (C:\Users\hsh\AppData\Roaming\npm\node_modules\yarn\lib\cli.js:62126:18)
      at Request.self.callback (C:\Users\hsh\AppData\Roaming\npm\node_modules\yarn\lib\cli.js:124482:22)
      at emitTwo (events.js:126:13)
      at Request.emit (events.js:214:7)
      at Request.<anonymous> (C:\Users\hsh\AppData\Roaming\npm\node_modules\yarn\lib\cli.js:125454:10)
      at emitOne (events.js:116:13)
      at Request.emit (events.js:211:7)
      at Gunzip.<anonymous> (C:\Users\hsh\AppData\Roaming\npm\node_modules\yarn\lib\cli.js:125376:12)
      at Object.onceWrapper (events.js:313:30)
      at emitNone (events.js:111:20)

npm manifest: 
  {
    "name": "facemini",
    "version": "1.0.0",
    "private": true,
    "description": "人脸识别小程序",
    "main": "index.js",
    "scripts": {
      "build:weapp": "taro build --type weapp",
      "build:swan": "taro build --type swan",
      "build:alipay": "taro build --type alipay",
      "build:tt": "taro build --type tt",
      "build:h5": "taro build --type h5",
      "build:rn": "taro build --type rn",
      "dev:weapp": "npm run build:weapp -- --watch",
      "dev:swan": "npm run build:swan -- --watch",
      "dev:alipay": "npm run build:alipay -- --watch",
      "dev:tt": "npm run build:tt -- --watch",
      "dev:h5": "npm run build:h5 -- --watch",
      "dev:rn": "npm run build:rn -- --watch"
    },
    "author": "",
    "license": "MIT",
    "dependencies": {
      "@tarojs/async-await": "^1.2.23",
      "@tarojs/components": "1.2.23",
      "@tarojs/mobx": "1.2.23",
      "@tarojs/mobx-h5": "1.2.23",
      "@tarojs/mobx-rn": "1.2.23",
      "@tarojs/rn-runner": "1.2.23",
      "@tarojs/router": "1.2.23",
      "@tarojs/taro": "1.2.23",
      "@tarojs/taro-alipay": "1.2.23",
      "@tarojs/taro-h5": "1.2.23",
      "@tarojs/taro-swan": "1.2.23",
      "@tarojs/taro-tt": "1.2.23",
      "@tarojs/taro-weapp": "^1.2.23",
      "mobx": "4.8.0",
      "nerv-devtools": "^1.3.9",
      "nervjs": "^1.3.9",
      "taro-ui": "^2.1.0",
      "wxa-plugin-canvas": "^1.1.11"
    },
    "devDependencies": {
      "@types/react": "16.3.14",
      "@types/webpack-env": "^1.13.6",
      "@tarojs/plugin-babel": "1.2.23",
      "@tarojs/plugin-csso": "1.2.23",
      "@tarojs/plugin-sass": "1.2.23",
      "@tarojs/plugin-uglifyjs": "1.2.23",
      "@tarojs/webpack-runner": "1.2.23",
      "babel-plugin-transform-class-properties": "^6.24.1",
      "babel-plugin-transform-decorators-legacy": "^1.3.4",
      "babel-plugin-transform-jsx-stylesheet": "^0.6.5",
      "babel-plugin-transform-object-rest-spread": "^6.26.0",
      "babel-preset-env": "^1.6.1",
      "babel-eslint": "^8.2.3",
      "eslint": "^4.19.1",
      "eslint-config-taro": "1.2.23",
      "eslint-plugin-react": "^7.8.2",
      "eslint-plugin-import": "^2.12.0",
      "eslint-plugin-taro": "1.2.23"
    }
  }

yarn manifest: 
  No manifest

Lockfile: 
  No lockfile
